[2022-03-27 15:49:55] Ouverture des logs
[2022-03-27 15:49:55] test
[2022-03-27 15:49:55] Ouverture des logs
[2022-03-27 15:49:55] Fermeture des logs
[2022-03-27 15:49:55] Course lancée. Vitesse moto 1 : 120. Vitesse moto 2 : 112
[2022-03-27 15:49:55] Moto 1 gagne
[2022-03-27 15:49:55] Fermeture des logs
[2022-03-27 15:49:55] Ouverture des logs
[2022-03-27 15:49:55] Course lancée. Vitesse moto 1 : 98. Vitesse moto 2 : 164
[2022-03-27 15:49:55] Moto 2 gagne
[2022-03-27 15:49:55] Fermeture des logs
[2022-03-27 15:49:57] Ouverture des logs
[2022-03-27 15:49:57] test
[2022-03-27 15:49:57] Ouverture des logs
[2022-03-27 15:49:57] Fermeture des logs
[2022-03-27 15:49:57] Course lancée. Vitesse moto 1 : 120. Vitesse moto 2 : 112
[2022-03-27 15:49:57] Moto 1 gagne
[2022-03-27 15:49:57] Fermeture des logs
[2022-03-27 15:49:57] Ouverture des logs
[2022-03-27 15:49:57] Course lancée. Vitesse moto 1 : 98. Vitesse moto 2 : 164
[2022-03-27 15:49:57] Moto 2 gagne
[2022-03-27 15:49:57] Fermeture des logs
[2022-03-27 15:50:33] Ouverture des logs
[2022-03-27 15:50:33] test
[2022-03-27 15:50:33] Ouverture des logs
[2022-03-27 15:50:33] Fermeture des logs
[2022-03-27 15:50:33] Course lancée. Vitesse moto 1 : 120. Vitesse moto 2 : 112
[2022-03-27 15:50:33] Moto 1 gagne
[2022-03-27 15:50:33] Fermeture des logs
[2022-03-27 15:50:33] Ouverture des logs
[2022-03-27 15:50:33] Course lancée. Vitesse moto 1 : 98. Vitesse moto 2 : 164
[2022-03-27 15:50:33] Moto 2 gagne
[2022-03-27 15:50:33] Fermeture des logs
