[2022-03-28 10:57:14] Ouverture des logs
[2022-03-28 10:57:14] test
[2022-03-28 10:57:14] Ouverture des logs
[2022-03-28 10:57:14] Fermeture des logs
[2022-03-28 10:57:14] Course lancée. Vitesse moto 1 : 120. Vitesse moto 2 : 112
[2022-03-28 10:57:14] Moto 1 gagne
[2022-03-28 10:57:14] Fermeture des logs
[2022-03-28 10:57:14] Ouverture des logs
[2022-03-28 10:57:14] Course lancée. Vitesse moto 1 : 98. Vitesse moto 2 : 164
[2022-03-28 10:57:14] Moto 2 gagne
[2022-03-28 10:57:14] Fermeture des logs
[2022-03-28 10:57:17] Ouverture des logs
[2022-03-28 10:57:17] test
[2022-03-28 10:57:17] Ouverture des logs
[2022-03-28 10:57:17] Fermeture des logs
[2022-03-28 10:57:17] Course lancée. Vitesse moto 1 : 120. Vitesse moto 2 : 112
[2022-03-28 10:57:17] Moto 1 gagne
[2022-03-28 10:57:17] Fermeture des logs
[2022-03-28 10:57:17] Ouverture des logs
[2022-03-28 10:57:17] Course lancée. Vitesse moto 1 : 98. Vitesse moto 2 : 164
[2022-03-28 10:57:17] Moto 2 gagne
[2022-03-28 10:57:17] Fermeture des logs
