[2022-03-30 13:13:01] Ouverture des logs
[2022-03-30 13:13:01] test
[2022-03-30 13:13:01] Ouverture des logs
[2022-03-30 13:13:01] Fermeture des logs
[2022-03-30 13:13:01] Course lancée. Vitesse moto 1 : 120. Vitesse moto 2 : 112
[2022-03-30 13:13:01] Moto 1 gagne
[2022-03-30 13:13:01] Fermeture des logs
[2022-03-30 13:13:01] Ouverture des logs
[2022-03-30 13:13:01] Course lancée. Vitesse moto 1 : 98. Vitesse moto 2 : 164
[2022-03-30 13:13:01] Moto 2 gagne
[2022-03-30 13:13:01] Fermeture des logs
[2022-03-30 13:23:47] Ouverture des logs
[2022-03-30 13:23:47] test
[2022-03-30 13:23:47] Ouverture des logs
[2022-03-30 13:23:47] Fermeture des logs
[2022-03-30 13:23:47] Course lancée. Vitesse moto 1 : 120. Vitesse moto 2 : 112
[2022-03-30 13:23:47] Moto 1 gagne
[2022-03-30 13:23:47] Fermeture des logs
[2022-03-30 13:23:47] Ouverture des logs
[2022-03-30 13:23:47] Course lancée. Vitesse moto 1 : 98. Vitesse moto 2 : 164
[2022-03-30 13:23:47] Moto 2 gagne
[2022-03-30 13:23:47] Fermeture des logs
[2022-03-30 13:23:48] Ouverture des logs
[2022-03-30 13:23:48] test
[2022-03-30 13:23:48] Ouverture des logs
[2022-03-30 13:23:48] Fermeture des logs
[2022-03-30 13:23:48] Course lancée. Vitesse moto 1 : 120. Vitesse moto 2 : 112
[2022-03-30 13:23:48] Moto 1 gagne
[2022-03-30 13:23:48] Fermeture des logs
[2022-03-30 13:23:48] Ouverture des logs
[2022-03-30 13:23:48] Course lancée. Vitesse moto 1 : 98. Vitesse moto 2 : 164
[2022-03-30 13:23:48] Moto 2 gagne
[2022-03-30 13:23:48] Fermeture des logs
[2022-03-30 13:23:49] Ouverture des logs
[2022-03-30 13:23:49] test
[2022-03-30 13:23:49] Ouverture des logs
[2022-03-30 13:23:49] Fermeture des logs
[2022-03-30 13:23:49] Course lancée. Vitesse moto 1 : 120. Vitesse moto 2 : 112
[2022-03-30 13:23:49] Moto 1 gagne
[2022-03-30 13:23:49] Fermeture des logs
[2022-03-30 13:23:49] Ouverture des logs
[2022-03-30 13:23:49] Course lancée. Vitesse moto 1 : 98. Vitesse moto 2 : 164
[2022-03-30 13:23:49] Moto 2 gagne
[2022-03-30 13:23:49] Fermeture des logs
[2022-03-30 13:23:55] Ouverture des logs
[2022-03-30 13:23:55] test
[2022-03-30 13:23:55] Ouverture des logs
[2022-03-30 13:23:55] Fermeture des logs
[2022-03-30 13:23:55] Course lancée. Vitesse moto 1 : 120. Vitesse moto 2 : 112
[2022-03-30 13:23:55] Moto 1 gagne
[2022-03-30 13:23:55] Fermeture des logs
[2022-03-30 13:23:55] Ouverture des logs
[2022-03-30 13:23:55] Course lancée. Vitesse moto 1 : 98. Vitesse moto 2 : 164
[2022-03-30 13:23:55] Moto 2 gagne
[2022-03-30 13:23:55] Fermeture des logs
[2022-03-30 13:24:22] Ouverture des logs
[2022-03-30 13:24:22] test
[2022-03-30 13:24:22] Ouverture des logs
[2022-03-30 13:24:22] Fermeture des logs
[2022-03-30 13:24:22] Course lancée. Vitesse moto 1 : 120. Vitesse moto 2 : 112
[2022-03-30 13:24:22] Moto 1 gagne
[2022-03-30 13:24:22] Fermeture des logs
[2022-03-30 13:24:22] Ouverture des logs
[2022-03-30 13:24:22] Course lancée. Vitesse moto 1 : 98. Vitesse moto 2 : 164
[2022-03-30 13:24:22] Moto 2 gagne
[2022-03-30 13:24:22] Fermeture des logs
[2022-03-30 13:24:23] Ouverture des logs
[2022-03-30 13:24:23] test
[2022-03-30 13:24:23] Ouverture des logs
[2022-03-30 13:24:23] Fermeture des logs
[2022-03-30 13:24:23] Course lancée. Vitesse moto 1 : 120. Vitesse moto 2 : 112
[2022-03-30 13:24:23] Moto 1 gagne
[2022-03-30 13:24:23] Fermeture des logs
[2022-03-30 13:24:23] Ouverture des logs
[2022-03-30 13:24:23] Course lancée. Vitesse moto 1 : 98. Vitesse moto 2 : 164
[2022-03-30 13:24:23] Moto 2 gagne
[2022-03-30 13:24:23] Fermeture des logs
[2022-03-30 13:24:59] Ouverture des logs
[2022-03-30 13:24:59] test
[2022-03-30 13:24:59] Ouverture des logs
[2022-03-30 13:24:59] Fermeture des logs
[2022-03-30 13:24:59] Course lancée. Vitesse moto 1 : 120. Vitesse moto 2 : 112
[2022-03-30 13:24:59] Moto 1 gagne
[2022-03-30 13:24:59] Fermeture des logs
[2022-03-30 13:24:59] Ouverture des logs
[2022-03-30 13:24:59] Course lancée. Vitesse moto 1 : 98. Vitesse moto 2 : 164
[2022-03-30 13:24:59] Moto 2 gagne
[2022-03-30 13:24:59] Fermeture des logs
[2022-03-30 13:25:34] Ouverture des logs
[2022-03-30 13:25:34] test
[2022-03-30 13:25:34] Ouverture des logs
[2022-03-30 13:25:34] Fermeture des logs
[2022-03-30 13:25:34] Course lancée. Vitesse moto 1 : 120. Vitesse moto 2 : 112
[2022-03-30 13:25:34] Moto 1 gagne
[2022-03-30 13:25:34] Fermeture des logs
[2022-03-30 13:25:34] Ouverture des logs
[2022-03-30 13:25:34] Course lancée. Vitesse moto 1 : 98. Vitesse moto 2 : 164
[2022-03-30 13:25:34] Moto 2 gagne
[2022-03-30 13:25:34] Fermeture des logs
[2022-03-30 13:25:49] Ouverture des logs
[2022-03-30 13:25:49] test
[2022-03-30 13:25:49] Ouverture des logs
[2022-03-30 13:25:49] Fermeture des logs
[2022-03-30 13:25:49] Course lancée. Vitesse moto 1 : 120. Vitesse moto 2 : 112
[2022-03-30 13:25:49] Moto 1 gagne
[2022-03-30 13:25:49] Fermeture des logs
[2022-03-30 13:25:49] Ouverture des logs
[2022-03-30 13:25:49] Course lancée. Vitesse moto 1 : 98. Vitesse moto 2 : 164
[2022-03-30 13:25:49] Moto 2 gagne
[2022-03-30 13:25:49] Fermeture des logs
[2022-03-30 13:25:50] Ouverture des logs
[2022-03-30 13:25:50] test
[2022-03-30 13:25:50] Ouverture des logs
[2022-03-30 13:25:50] Fermeture des logs
[2022-03-30 13:25:50] Course lancée. Vitesse moto 1 : 120. Vitesse moto 2 : 112
[2022-03-30 13:25:50] Moto 1 gagne
[2022-03-30 13:25:50] Fermeture des logs
[2022-03-30 13:25:50] Ouverture des logs
[2022-03-30 13:25:50] Course lancée. Vitesse moto 1 : 98. Vitesse moto 2 : 164
[2022-03-30 13:25:50] Moto 2 gagne
[2022-03-30 13:25:50] Fermeture des logs
[2022-03-30 13:25:50] Ouverture des logs
[2022-03-30 13:25:50] test
[2022-03-30 13:25:50] Ouverture des logs
[2022-03-30 13:25:50] Fermeture des logs
[2022-03-30 13:25:50] Course lancée. Vitesse moto 1 : 120. Vitesse moto 2 : 112
[2022-03-30 13:25:50] Moto 1 gagne
[2022-03-30 13:25:50] Fermeture des logs
[2022-03-30 13:25:50] Ouverture des logs
[2022-03-30 13:25:50] Course lancée. Vitesse moto 1 : 98. Vitesse moto 2 : 164
[2022-03-30 13:25:50] Moto 2 gagne
[2022-03-30 13:25:50] Fermeture des logs
[2022-03-30 13:25:50] Ouverture des logs
[2022-03-30 13:25:50] test
[2022-03-30 13:25:50] Ouverture des logs
[2022-03-30 13:25:50] Fermeture des logs
[2022-03-30 13:25:50] Course lancée. Vitesse moto 1 : 120. Vitesse moto 2 : 112
[2022-03-30 13:25:50] Moto 1 gagne
[2022-03-30 13:25:50] Fermeture des logs
[2022-03-30 13:25:50] Ouverture des logs
[2022-03-30 13:25:50] Course lancée. Vitesse moto 1 : 98. Vitesse moto 2 : 164
[2022-03-30 13:25:50] Moto 2 gagne
[2022-03-30 13:25:50] Fermeture des logs
[2022-03-30 13:25:50] Ouverture des logs
[2022-03-30 13:25:50] test
[2022-03-30 13:25:50] Ouverture des logs
[2022-03-30 13:25:50] Fermeture des logs
[2022-03-30 13:25:50] Course lancée. Vitesse moto 1 : 120. Vitesse moto 2 : 112
[2022-03-30 13:25:50] Moto 1 gagne
[2022-03-30 13:25:50] Fermeture des logs
[2022-03-30 13:25:50] Ouverture des logs
[2022-03-30 13:25:50] Course lancée. Vitesse moto 1 : 98. Vitesse moto 2 : 164
[2022-03-30 13:25:50] Moto 2 gagne
[2022-03-30 13:25:50] Fermeture des logs
[2022-03-30 13:26:14] Ouverture des logs
[2022-03-30 13:26:14] test
[2022-03-30 13:26:14] Ouverture des logs
[2022-03-30 13:26:14] Fermeture des logs
[2022-03-30 13:26:14] Course lancée. Vitesse moto 1 : 120. Vitesse moto 2 : 112
[2022-03-30 13:26:14] Moto 1 gagne
[2022-03-30 13:26:14] Fermeture des logs
[2022-03-30 13:26:14] Ouverture des logs
[2022-03-30 13:26:14] Course lancée. Vitesse moto 1 : 98. Vitesse moto 2 : 164
[2022-03-30 13:26:14] Moto 2 gagne
[2022-03-30 13:26:14] Fermeture des logs
[2022-03-30 13:26:20] Ouverture des logs
[2022-03-30 13:26:20] test
[2022-03-30 13:26:20] Ouverture des logs
[2022-03-30 13:26:20] Fermeture des logs
[2022-03-30 13:26:20] Course lancée. Vitesse moto 1 : 120. Vitesse moto 2 : 112
[2022-03-30 13:26:20] Moto 1 gagne
[2022-03-30 13:26:20] Fermeture des logs
[2022-03-30 13:26:20] Ouverture des logs
[2022-03-30 13:26:20] Course lancée. Vitesse moto 1 : 98. Vitesse moto 2 : 164
[2022-03-30 13:26:20] Moto 2 gagne
[2022-03-30 13:26:20] Fermeture des logs
[2022-03-30 13:27:13] Ouverture des logs
[2022-03-30 13:27:13] test
[2022-03-30 13:27:13] Ouverture des logs
[2022-03-30 13:27:13] Fermeture des logs
[2022-03-30 13:27:13] Course lancée. Vitesse moto 1 : 120. Vitesse moto 2 : 112
[2022-03-30 13:27:13] Moto 1 gagne
[2022-03-30 13:27:13] Fermeture des logs
[2022-03-30 13:27:13] Ouverture des logs
[2022-03-30 13:27:13] Course lancée. Vitesse moto 1 : 98. Vitesse moto 2 : 164
[2022-03-30 13:27:13] Moto 2 gagne
[2022-03-30 13:27:13] Fermeture des logs
